The system is: Linux - 3.12.13-gentoo - x86_64
Compiling the C compiler identification source file "CMakeCCompilerId.c" succeeded.
Compiler: /usr/bin/cc 
Build flags: 
Id flags: 

The output was:
0


Compilation of the C compiler identification source "CMakeCCompilerId.c" produced "a.out"

The C compiler identification is GNU, found in "/home/erazor/dev/libsdsp/examples/CMakeFiles/2.8.12.2/CompilerIdC/a.out"

Determining if the C compiler works passed with the following output:
Change Dir: /home/erazor/dev/libsdsp/examples/CMakeFiles/CMakeTmp

Run Build Command:/usr/bin/gmake "cmTryCompileExec3676488144/fast"
/usr/bin/gmake -f CMakeFiles/cmTryCompileExec3676488144.dir/build.make CMakeFiles/cmTryCompileExec3676488144.dir/build
gmake[1]: Entering directory '/home/erazor/dev/libsdsp/examples/CMakeFiles/CMakeTmp'
/usr/bin/cmake -E cmake_progress_report /home/erazor/dev/libsdsp/examples/CMakeFiles/CMakeTmp/CMakeFiles 1
Building C object CMakeFiles/cmTryCompileExec3676488144.dir/testCCompiler.c.o
/usr/bin/cc    -o CMakeFiles/cmTryCompileExec3676488144.dir/testCCompiler.c.o   -c /home/erazor/dev/libsdsp/examples/CMakeFiles/CMakeTmp/testCCompiler.c
Linking C executable cmTryCompileExec3676488144
/usr/bin/cmake -E cmake_link_script CMakeFiles/cmTryCompileExec3676488144.dir/link.txt --verbose=1
/usr/bin/cc       CMakeFiles/cmTryCompileExec3676488144.dir/testCCompiler.c.o  -o cmTryCompileExec3676488144 -rdynamic 
gmake[1]: Leaving directory '/home/erazor/dev/libsdsp/examples/CMakeFiles/CMakeTmp'


Detecting C compiler ABI info compiled with the following output:
Change Dir: /home/erazor/dev/libsdsp/examples/CMakeFiles/CMakeTmp

Run Build Command:/usr/bin/gmake "cmTryCompileExec3953378915/fast"
/usr/bin/gmake -f CMakeFiles/cmTryCompileExec3953378915.dir/build.make CMakeFiles/cmTryCompileExec3953378915.dir/build
gmake[1]: Entering directory '/home/erazor/dev/libsdsp/examples/CMakeFiles/CMakeTmp'
/usr/bin/cmake -E cmake_progress_report /home/erazor/dev/libsdsp/examples/CMakeFiles/CMakeTmp/CMakeFiles 1
Building C object CMakeFiles/cmTryCompileExec3953378915.dir/CMakeCCompilerABI.c.o
/usr/bin/cc    -o CMakeFiles/cmTryCompileExec3953378915.dir/CMakeCCompilerABI.c.o   -c /usr/share/cmake/Modules/CMakeCCompilerABI.c
Linking C executable cmTryCompileExec3953378915
/usr/bin/cmake -E cmake_link_script CMakeFiles/cmTryCompileExec3953378915.dir/link.txt --verbose=1
/usr/bin/cc     -v CMakeFiles/cmTryCompileExec3953378915.dir/CMakeCCompilerABI.c.o  -o cmTryCompileExec3953378915 -rdynamic  
Using built-in specs.
COLLECT_GCC=/usr/x86_64-pc-linux-gnu/gcc-bin/4.8.2/gcc
COLLECT_LTO_WRAPPER=/usr/libexec/gcc/x86_64-pc-linux-gnu/4.8.2/lto-wrapper
Target: x86_64-pc-linux-gnu
Configured with: /var/tmp/portage/sys-devel/gcc-4.8.2/work/gcc-4.8.2/configure --host=x86_64-pc-linux-gnu --build=x86_64-pc-linux-gnu --prefix=/usr --bindir=/usr/x86_64-pc-linux-gnu/gcc-bin/4.8.2 --includedir=/usr/lib/gcc/x86_64-pc-linux-gnu/4.8.2/include --datadir=/usr/share/gcc-data/x86_64-pc-linux-gnu/4.8.2 --mandir=/usr/share/gcc-data/x86_64-pc-linux-gnu/4.8.2/man --infodir=/usr/share/gcc-data/x86_64-pc-linux-gnu/4.8.2/info --with-gxx-include-dir=/usr/lib/gcc/x86_64-pc-linux-gnu/4.8.2/include/g++-v4 --with-python-dir=/share/gcc-data/x86_64-pc-linux-gnu/4.8.2/python --enable-languages=c,c++,fortran --enable-obsolete --enable-secureplt --disable-werror --with-system-zlib --enable-nls --without-included-gettext --enable-checking=release --with-bugurl=https://bugs.gentoo.org/ --with-pkgversion='Gentoo 4.8.2 p1.3r1, pie-0.5.8r1' --enable-libstdcxx-time --enable-shared --enable-threads=posix --enable-__cxa_atexit --enable-clocale=gnu --enable-multilib --with-multilib-list=m32,m64 --disable-altivec --disable-fixed-point --enable-targets=all --disable-libgcj --enable-libgomp --disable-libmudflap --disable-libssp --enable-lto --without-cloog
Thread model: posix
gcc version 4.8.2 (Gentoo 4.8.2 p1.3r1, pie-0.5.8r1) 
COMPILER_PATH=/usr/libexec/gcc/x86_64-pc-linux-gnu/4.8.2/:/usr/libexec/gcc/x86_64-pc-linux-gnu/4.8.2/:/usr/libexec/gcc/x86_64-pc-linux-gnu/:/usr/lib/gcc/x86_64-pc-linux-gnu/4.8.2/:/usr/lib/gcc/x86_64-pc-linux-gnu/:/usr/lib/gcc/x86_64-pc-linux-gnu/4.8.2/../../../../x86_64-pc-linux-gnu/bin/
LIBRARY_PATH=/usr/lib/gcc/x86_64-pc-linux-gnu/4.8.2/:/usr/lib/gcc/x86_64-pc-linux-gnu/4.8.2/../../../../lib64/:/lib/../lib64/:/usr/lib/../lib64/:/usr/lib/gcc/x86_64-pc-linux-gnu/4.8.2/../../../../x86_64-pc-linux-gnu/lib/:/usr/lib/gcc/x86_64-pc-linux-gnu/4.8.2/../../../:/lib/:/usr/lib/
COLLECT_GCC_OPTIONS='-v' '-o' 'cmTryCompileExec3953378915' '-rdynamic' '-mtune=generic' '-march=x86-64'
 /usr/libexec/gcc/x86_64-pc-linux-gnu/4.8.2/collect2 --eh-frame-hdr -m elf_x86_64 -export-dynamic -dynamic-linker /lib64/ld-linux-x86-64.so.2 -o cmTryCompileExec3953378915 /usr/lib/gcc/x86_64-pc-linux-gnu/4.8.2/../../../../lib64/crt1.o /usr/lib/gcc/x86_64-pc-linux-gnu/4.8.2/../../../../lib64/crti.o /usr/lib/gcc/x86_64-pc-linux-gnu/4.8.2/crtbegin.o -L/usr/lib/gcc/x86_64-pc-linux-gnu/4.8.2 -L/usr/lib/gcc/x86_64-pc-linux-gnu/4.8.2/../../../../lib64 -L/lib/../lib64 -L/usr/lib/../lib64 -L/usr/lib/gcc/x86_64-pc-linux-gnu/4.8.2/../../../../x86_64-pc-linux-gnu/lib -L/usr/lib/gcc/x86_64-pc-linux-gnu/4.8.2/../../.. CMakeFiles/cmTryCompileExec3953378915.dir/CMakeCCompilerABI.c.o -lgcc --as-needed -lgcc_s --no-as-needed -lc -lgcc --as-needed -lgcc_s --no-as-needed /usr/lib/gcc/x86_64-pc-linux-gnu/4.8.2/crtend.o /usr/lib/gcc/x86_64-pc-linux-gnu/4.8.2/../../../../lib64/crtn.o
gmake[1]: Leaving directory '/home/erazor/dev/libsdsp/examples/CMakeFiles/CMakeTmp'


Parsed C implicit link information from above output:
  link line regex: [^( *|.*[/\])(ld|([^/\]+-)?ld|collect2)[^/\]*( |$)]
  ignore line: [Change Dir: /home/erazor/dev/libsdsp/examples/CMakeFiles/CMakeTmp]
  ignore line: []
  ignore line: [Run Build Command:/usr/bin/gmake "cmTryCompileExec3953378915/fast"]
  ignore line: [/usr/bin/gmake -f CMakeFiles/cmTryCompileExec3953378915.dir/build.make CMakeFiles/cmTryCompileExec3953378915.dir/build]
  ignore line: [gmake[1]: Entering directory '/home/erazor/dev/libsdsp/examples/CMakeFiles/CMakeTmp']
  ignore line: [/usr/bin/cmake -E cmake_progress_report /home/erazor/dev/libsdsp/examples/CMakeFiles/CMakeTmp/CMakeFiles 1]
  ignore line: [Building C object CMakeFiles/cmTryCompileExec3953378915.dir/CMakeCCompilerABI.c.o]
  ignore line: [/usr/bin/cc    -o CMakeFiles/cmTryCompileExec3953378915.dir/CMakeCCompilerABI.c.o   -c /usr/share/cmake/Modules/CMakeCCompilerABI.c]
  ignore line: [Linking C executable cmTryCompileExec3953378915]
  ignore line: [/usr/bin/cmake -E cmake_link_script CMakeFiles/cmTryCompileExec3953378915.dir/link.txt --verbose=1]
  ignore line: [/usr/bin/cc     -v CMakeFiles/cmTryCompileExec3953378915.dir/CMakeCCompilerABI.c.o  -o cmTryCompileExec3953378915 -rdynamic  ]
  ignore line: [Using built-in specs.]
  ignore line: [COLLECT_GCC=/usr/x86_64-pc-linux-gnu/gcc-bin/4.8.2/gcc]
  ignore line: [COLLECT_LTO_WRAPPER=/usr/libexec/gcc/x86_64-pc-linux-gnu/4.8.2/lto-wrapper]
  ignore line: [Target: x86_64-pc-linux-gnu]
  ignore line: [Configured with: /var/tmp/portage/sys-devel/gcc-4.8.2/work/gcc-4.8.2/configure --host=x86_64-pc-linux-gnu --build=x86_64-pc-linux-gnu --prefix=/usr --bindir=/usr/x86_64-pc-linux-gnu/gcc-bin/4.8.2 --includedir=/usr/lib/gcc/x86_64-pc-linux-gnu/4.8.2/include --datadir=/usr/share/gcc-data/x86_64-pc-linux-gnu/4.8.2 --mandir=/usr/share/gcc-data/x86_64-pc-linux-gnu/4.8.2/man --infodir=/usr/share/gcc-data/x86_64-pc-linux-gnu/4.8.2/info --with-gxx-include-dir=/usr/lib/gcc/x86_64-pc-linux-gnu/4.8.2/include/g++-v4 --with-python-dir=/share/gcc-data/x86_64-pc-linux-gnu/4.8.2/python --enable-languages=c,c++,fortran --enable-obsolete --enable-secureplt --disable-werror --with-system-zlib --enable-nls --without-included-gettext --enable-checking=release --with-bugurl=https://bugs.gentoo.org/ --with-pkgversion='Gentoo 4.8.2 p1.3r1, pie-0.5.8r1' --enable-libstdcxx-time --enable-shared --enable-threads=posix --enable-__cxa_atexit --enable-clocale=gnu --enable-multilib --with-multilib-list=m32,m64 --disable-altivec --disable-fixed-point --enable-targets=all --disable-libgcj --enable-libgomp --disable-libmudflap --disable-libssp --enable-lto --without-cloog]
  ignore line: [Thread model: posix]
  ignore line: [gcc version 4.8.2 (Gentoo 4.8.2 p1.3r1, pie-0.5.8r1) ]
  ignore line: [COMPILER_PATH=/usr/libexec/gcc/x86_64-pc-linux-gnu/4.8.2/:/usr/libexec/gcc/x86_64-pc-linux-gnu/4.8.2/:/usr/libexec/gcc/x86_64-pc-linux-gnu/:/usr/lib/gcc/x86_64-pc-linux-gnu/4.8.2/:/usr/lib/gcc/x86_64-pc-linux-gnu/:/usr/lib/gcc/x86_64-pc-linux-gnu/4.8.2/../../../../x86_64-pc-linux-gnu/bin/]
  ignore line: [LIBRARY_PATH=/usr/lib/gcc/x86_64-pc-linux-gnu/4.8.2/:/usr/lib/gcc/x86_64-pc-linux-gnu/4.8.2/../../../../lib64/:/lib/../lib64/:/usr/lib/../lib64/:/usr/lib/gcc/x86_64-pc-linux-gnu/4.8.2/../../../../x86_64-pc-linux-gnu/lib/:/usr/lib/gcc/x86_64-pc-linux-gnu/4.8.2/../../../:/lib/:/usr/lib/]
  ignore line: [COLLECT_GCC_OPTIONS='-v' '-o' 'cmTryCompileExec3953378915' '-rdynamic' '-mtune=generic' '-march=x86-64']
  link line: [ /usr/libexec/gcc/x86_64-pc-linux-gnu/4.8.2/collect2 --eh-frame-hdr -m elf_x86_64 -export-dynamic -dynamic-linker /lib64/ld-linux-x86-64.so.2 -o cmTryCompileExec3953378915 /usr/lib/gcc/x86_64-pc-linux-gnu/4.8.2/../../../../lib64/crt1.o /usr/lib/gcc/x86_64-pc-linux-gnu/4.8.2/../../../../lib64/crti.o /usr/lib/gcc/x86_64-pc-linux-gnu/4.8.2/crtbegin.o -L/usr/lib/gcc/x86_64-pc-linux-gnu/4.8.2 -L/usr/lib/gcc/x86_64-pc-linux-gnu/4.8.2/../../../../lib64 -L/lib/../lib64 -L/usr/lib/../lib64 -L/usr/lib/gcc/x86_64-pc-linux-gnu/4.8.2/../../../../x86_64-pc-linux-gnu/lib -L/usr/lib/gcc/x86_64-pc-linux-gnu/4.8.2/../../.. CMakeFiles/cmTryCompileExec3953378915.dir/CMakeCCompilerABI.c.o -lgcc --as-needed -lgcc_s --no-as-needed -lc -lgcc --as-needed -lgcc_s --no-as-needed /usr/lib/gcc/x86_64-pc-linux-gnu/4.8.2/crtend.o /usr/lib/gcc/x86_64-pc-linux-gnu/4.8.2/../../../../lib64/crtn.o]
    arg [/usr/libexec/gcc/x86_64-pc-linux-gnu/4.8.2/collect2] ==> ignore
    arg [--eh-frame-hdr] ==> ignore
    arg [-m] ==> ignore
    arg [elf_x86_64] ==> ignore
    arg [-export-dynamic] ==> ignore
    arg [-dynamic-linker] ==> ignore
    arg [/lib64/ld-linux-x86-64.so.2] ==> ignore
    arg [-o] ==> ignore
    arg [cmTryCompileExec3953378915] ==> ignore
    arg [/usr/lib/gcc/x86_64-pc-linux-gnu/4.8.2/../../../../lib64/crt1.o] ==> ignore
    arg [/usr/lib/gcc/x86_64-pc-linux-gnu/4.8.2/../../../../lib64/crti.o] ==> ignore
    arg [/usr/lib/gcc/x86_64-pc-linux-gnu/4.8.2/crtbegin.o] ==> ignore
    arg [-L/usr/lib/gcc/x86_64-pc-linux-gnu/4.8.2] ==> dir [/usr/lib/gcc/x86_64-pc-linux-gnu/4.8.2]
    arg [-L/usr/lib/gcc/x86_64-pc-linux-gnu/4.8.2/../../../../lib64] ==> dir [/usr/lib/gcc/x86_64-pc-linux-gnu/4.8.2/../../../../lib64]
    arg [-L/lib/../lib64] ==> dir [/lib/../lib64]
    arg [-L/usr/lib/../lib64] ==> dir [/usr/lib/../lib64]
    arg [-L/usr/lib/gcc/x86_64-pc-linux-gnu/4.8.2/../../../../x86_64-pc-linux-gnu/lib] ==> dir [/usr/lib/gcc/x86_64-pc-linux-gnu/4.8.2/../../../../x86_64-pc-linux-gnu/lib]
    arg [-L/usr/lib/gcc/x86_64-pc-linux-gnu/4.8.2/../../..] ==> dir [/usr/lib/gcc/x86_64-pc-linux-gnu/4.8.2/../../..]
    arg [CMakeFiles/cmTryCompileExec3953378915.dir/CMakeCCompilerABI.c.o] ==> ignore
    arg [-lgcc] ==> lib [gcc]
    arg [--as-needed] ==> ignore
    arg [-lgcc_s] ==> lib [gcc_s]
    arg [--no-as-needed] ==> ignore
    arg [-lc] ==> lib [c]
    arg [-lgcc] ==> lib [gcc]
    arg [--as-needed] ==> ignore
    arg [-lgcc_s] ==> lib [gcc_s]
    arg [--no-as-needed] ==> ignore
    arg [/usr/lib/gcc/x86_64-pc-linux-gnu/4.8.2/crtend.o] ==> ignore
    arg [/usr/lib/gcc/x86_64-pc-linux-gnu/4.8.2/../../../../lib64/crtn.o] ==> ignore
  remove lib [gcc]
  remove lib [gcc_s]
  remove lib [gcc]
  remove lib [gcc_s]
  collapse library dir [/usr/lib/gcc/x86_64-pc-linux-gnu/4.8.2] ==> [/usr/lib/gcc/x86_64-pc-linux-gnu/4.8.2]
  collapse library dir [/usr/lib/gcc/x86_64-pc-linux-gnu/4.8.2/../../../../lib64] ==> [/usr/lib64]
  collapse library dir [/lib/../lib64] ==> [/lib64]
  collapse library dir [/usr/lib/../lib64] ==> [/usr/lib64]
  collapse library dir [/usr/lib/gcc/x86_64-pc-linux-gnu/4.8.2/../../../../x86_64-pc-linux-gnu/lib] ==> [/usr/x86_64-pc-linux-gnu/lib]
  collapse library dir [/usr/lib/gcc/x86_64-pc-linux-gnu/4.8.2/../../..] ==> [/usr/lib]
  implicit libs: [c]
  implicit dirs: [/usr/lib/gcc/x86_64-pc-linux-gnu/4.8.2;/usr/lib64;/lib64;/usr/x86_64-pc-linux-gnu/lib;/usr/lib]
  implicit fwks: []


